CRITICAL - 2022-08-29 02:41:35 --> syntax error, unexpected 'return' (T_RETURN)
in APPPATH\Controllers\Panggil.php on line 58.
 1 SYSTEMPATH\Router\Router.php(499): CodeIgniter\Router\AutoRouter->getRoute('/panggil/tambahanggota')
 2 SYSTEMPATH\Router\Router.php(205): CodeIgniter\Router\Router->autoRoute('/panggil/tambahanggota')
 3 SYSTEMPATH\CodeIgniter.php(771): CodeIgniter\Router\Router->handle('/panggil/tambahanggota')
 4 SYSTEMPATH\CodeIgniter.php(415): CodeIgniter\CodeIgniter->tryToRouteIt(Object(CodeIgniter\Router\RouteCollection))
 5 SYSTEMPATH\CodeIgniter.php(349): CodeIgniter\CodeIgniter->handleRequest(null, Object(Config\Cache), false)
 6 FCPATH\index.php(55): CodeIgniter\CodeIgniter->run()
CRITICAL - 2022-08-29 02:41:35 --> syntax error, unexpected 'return' (T_RETURN)
in APPPATH\Controllers\Panggil.php on line 58.
 1 SYSTEMPATH\Router\Router.php(499): CodeIgniter\Router\AutoRouter->getRoute('/panggil/tambahanggota')
 2 SYSTEMPATH\Router\Router.php(205): CodeIgniter\Router\Router->autoRoute('/panggil/tambahanggota')
 3 SYSTEMPATH\CodeIgniter.php(771): CodeIgniter\Router\Router->handle('/panggil/tambahanggota')
 4 SYSTEMPATH\CodeIgniter.php(415): CodeIgniter\CodeIgniter->tryToRouteIt(Object(CodeIgniter\Router\RouteCollection))
 5 SYSTEMPATH\CodeIgniter.php(349): CodeIgniter\CodeIgniter->handleRequest(null, Object(Config\Cache), false)
 6 FCPATH\index.php(55): CodeIgniter\CodeIgniter->run()
CRITICAL - 2022-08-29 02:41:36 --> syntax error, unexpected 'return' (T_RETURN)
in APPPATH\Controllers\Panggil.php on line 58.
 1 SYSTEMPATH\Router\Router.php(499): CodeIgniter\Router\AutoRouter->getRoute('/panggil/tambahanggota')
 2 SYSTEMPATH\Router\Router.php(205): CodeIgniter\Router\Router->autoRoute('/panggil/tambahanggota')
 3 SYSTEMPATH\CodeIgniter.php(771): CodeIgniter\Router\Router->handle('/panggil/tambahanggota')
 4 SYSTEMPATH\CodeIgniter.php(415): CodeIgniter\CodeIgniter->tryToRouteIt(Object(CodeIgniter\Router\RouteCollection))
 5 SYSTEMPATH\CodeIgniter.php(349): CodeIgniter\CodeIgniter->handleRequest(null, Object(Config\Cache), false)
 6 FCPATH\index.php(55): CodeIgniter\CodeIgniter->run()
CRITICAL - 2022-08-29 02:41:39 --> syntax error, unexpected 'return' (T_RETURN)
in APPPATH\Controllers\Panggil.php on line 58.
 1 SYSTEMPATH\Router\Router.php(499): CodeIgniter\Router\AutoRouter->getRoute('/panggil')
 2 SYSTEMPATH\Router\Router.php(205): CodeIgniter\Router\Router->autoRoute('/panggil')
 3 SYSTEMPATH\CodeIgniter.php(771): CodeIgniter\Router\Router->handle('/panggil')
 4 SYSTEMPATH\CodeIgniter.php(415): CodeIgniter\CodeIgniter->tryToRouteIt(Object(CodeIgniter\Router\RouteCollection))
 5 SYSTEMPATH\CodeIgniter.php(349): CodeIgniter\CodeIgniter->handleRequest(null, Object(Config\Cache), false)
 6 FCPATH\index.php(55): CodeIgniter\CodeIgniter->run()
CRITICAL - 2022-08-29 02:42:58 --> syntax error, unexpected '}'
in APPPATH\Controllers\Panggil.php on line 58.
 1 SYSTEMPATH\Router\Router.php(499): CodeIgniter\Router\AutoRouter->getRoute('/panggil/tambahanggota')
 2 SYSTEMPATH\Router\Router.php(205): CodeIgniter\Router\Router->autoRoute('/panggil/tambahanggota')
 3 SYSTEMPATH\CodeIgniter.php(771): CodeIgniter\Router\Router->handle('/panggil/tambahanggota')
 4 SYSTEMPATH\CodeIgniter.php(415): CodeIgniter\CodeIgniter->tryToRouteIt(Object(CodeIgniter\Router\RouteCollection))
 5 SYSTEMPATH\CodeIgniter.php(349): CodeIgniter\CodeIgniter->handleRequest(null, Object(Config\Cache), false)
 6 FCPATH\index.php(55): CodeIgniter\CodeIgniter->run()
CRITICAL - 2022-08-29 02:43:11 --> syntax error, unexpected '}'
in APPPATH\Controllers\Panggil.php on line 58.
 1 SYSTEMPATH\Router\Router.php(499): CodeIgniter\Router\AutoRouter->getRoute('/panggil')
 2 SYSTEMPATH\Router\Router.php(205): CodeIgniter\Router\Router->autoRoute('/panggil')
 3 SYSTEMPATH\CodeIgniter.php(771): CodeIgniter\Router\Router->handle('/panggil')
 4 SYSTEMPATH\CodeIgniter.php(415): CodeIgniter\CodeIgniter->tryToRouteIt(Object(CodeIgniter\Router\RouteCollection))
 5 SYSTEMPATH\CodeIgniter.php(349): CodeIgniter\CodeIgniter->handleRequest(null, Object(Config\Cache), false)
 6 FCPATH\index.php(55): CodeIgniter\CodeIgniter->run()
CRITICAL - 2022-08-29 02:43:17 --> syntax error, unexpected '}'
in APPPATH\Controllers\Panggil.php on line 58.
 1 SYSTEMPATH\Router\Router.php(499): CodeIgniter\Router\AutoRouter->getRoute('/panggil')
 2 SYSTEMPATH\Router\Router.php(205): CodeIgniter\Router\Router->autoRoute('/panggil')
 3 SYSTEMPATH\CodeIgniter.php(771): CodeIgniter\Router\Router->handle('/panggil')
 4 SYSTEMPATH\CodeIgniter.php(415): CodeIgniter\CodeIgniter->tryToRouteIt(Object(CodeIgniter\Router\RouteCollection))
 5 SYSTEMPATH\CodeIgniter.php(349): CodeIgniter\CodeIgniter->handleRequest(null, Object(Config\Cache), false)
 6 FCPATH\index.php(55): CodeIgniter\CodeIgniter->run()
CRITICAL - 2022-08-29 02:43:17 --> syntax error, unexpected '}'
in APPPATH\Controllers\Panggil.php on line 58.
 1 SYSTEMPATH\Router\Router.php(499): CodeIgniter\Router\AutoRouter->getRoute('/panggil')
 2 SYSTEMPATH\Router\Router.php(205): CodeIgniter\Router\Router->autoRoute('/panggil')
 3 SYSTEMPATH\CodeIgniter.php(771): CodeIgniter\Router\Router->handle('/panggil')
 4 SYSTEMPATH\CodeIgniter.php(415): CodeIgniter\CodeIgniter->tryToRouteIt(Object(CodeIgniter\Router\RouteCollection))
 5 SYSTEMPATH\CodeIgniter.php(349): CodeIgniter\CodeIgniter->handleRequest(null, Object(Config\Cache), false)
 6 FCPATH\index.php(55): CodeIgniter\CodeIgniter->run()
CRITICAL - 2022-08-29 02:45:35 --> syntax error, unexpected '}'
in APPPATH\Controllers\Panggil.php on line 58.
 1 SYSTEMPATH\Router\Router.php(499): CodeIgniter\Router\AutoRouter->getRoute('/panggil/save')
 2 SYSTEMPATH\Router\Router.php(205): CodeIgniter\Router\Router->autoRoute('/panggil/save')
 3 SYSTEMPATH\CodeIgniter.php(771): CodeIgniter\Router\Router->handle('/panggil/save')
 4 SYSTEMPATH\CodeIgniter.php(415): CodeIgniter\CodeIgniter->tryToRouteIt(Object(CodeIgniter\Router\RouteCollection))
 5 SYSTEMPATH\CodeIgniter.php(349): CodeIgniter\CodeIgniter->handleRequest(null, Object(Config\Cache), false)
 6 FCPATH\index.php(55): CodeIgniter\CodeIgniter->run()
CRITICAL - 2022-08-29 03:00:43 --> Invalid file: tambahanggota/create.php
in SYSTEMPATH\Exceptions\FrameworkException.php on line 33.
 1 SYSTEMPATH\View\View.php(201): CodeIgniter\Exceptions\FrameworkException::forInvalidFile('tambahanggota/create.php')
 2 SYSTEMPATH\Common.php(1135): CodeIgniter\View\View->render('tambahanggota/create', [], true)
 3 APPPATH\Controllers\Panggil.php(50): view('tambahanggota/create', [...])
 4 SYSTEMPATH\CodeIgniter.php(896): App\Controllers\Panggil->create()
 5 SYSTEMPATH\CodeIgniter.php(466): CodeIgniter\CodeIgniter->runController(Object(App\Controllers\Panggil))
 6 SYSTEMPATH\CodeIgniter.php(349): CodeIgniter\CodeIgniter->handleRequest(null, Object(Config\Cache), false)
 7 FCPATH\index.php(55): CodeIgniter\CodeIgniter->run()
CRITICAL - 2022-08-29 03:01:38 --> Invalid file: tambahanggota/create.php
in SYSTEMPATH\Exceptions\FrameworkException.php on line 33.
 1 SYSTEMPATH\View\View.php(201): CodeIgniter\Exceptions\FrameworkException::forInvalidFile('tambahanggota/create.php')
 2 SYSTEMPATH\Common.php(1135): CodeIgniter\View\View->render('tambahanggota/create', [], true)
 3 APPPATH\Controllers\Panggil.php(50): view('tambahanggota/create', [...])
 4 SYSTEMPATH\CodeIgniter.php(896): App\Controllers\Panggil->create()
 5 SYSTEMPATH\CodeIgniter.php(466): CodeIgniter\CodeIgniter->runController(Object(App\Controllers\Panggil))
 6 SYSTEMPATH\CodeIgniter.php(349): CodeIgniter\CodeIgniter->handleRequest(null, Object(Config\Cache), false)
 7 FCPATH\index.php(55): CodeIgniter\CodeIgniter->run()
CRITICAL - 2022-08-29 03:02:01 --> Invalid file: tambahanggota/create.php
in SYSTEMPATH\Exceptions\FrameworkException.php on line 33.
 1 SYSTEMPATH\View\View.php(201): CodeIgniter\Exceptions\FrameworkException::forInvalidFile('tambahanggota/create.php')
 2 SYSTEMPATH\Common.php(1135): CodeIgniter\View\View->render('tambahanggota/create', [], true)
 3 APPPATH\Controllers\Panggil.php(39): view('tambahanggota/create', [...])
 4 SYSTEMPATH\CodeIgniter.php(896): App\Controllers\Panggil->tambahanggota()
 5 SYSTEMPATH\CodeIgniter.php(466): CodeIgniter\CodeIgniter->runController(Object(App\Controllers\Panggil))
 6 SYSTEMPATH\CodeIgniter.php(349): CodeIgniter\CodeIgniter->handleRequest(null, Object(Config\Cache), false)
 7 FCPATH\index.php(55): CodeIgniter\CodeIgniter->run()
CRITICAL - 2022-08-29 03:02:02 --> Invalid file: tambahanggota/create.php
in SYSTEMPATH\Exceptions\FrameworkException.php on line 33.
 1 SYSTEMPATH\View\View.php(201): CodeIgniter\Exceptions\FrameworkException::forInvalidFile('tambahanggota/create.php')
 2 SYSTEMPATH\Common.php(1135): CodeIgniter\View\View->render('tambahanggota/create', [], true)
 3 APPPATH\Controllers\Panggil.php(39): view('tambahanggota/create', [...])
 4 SYSTEMPATH\CodeIgniter.php(896): App\Controllers\Panggil->tambahanggota()
 5 SYSTEMPATH\CodeIgniter.php(466): CodeIgniter\CodeIgniter->runController(Object(App\Controllers\Panggil))
 6 SYSTEMPATH\CodeIgniter.php(349): CodeIgniter\CodeIgniter->handleRequest(null, Object(Config\Cache), false)
 7 FCPATH\index.php(55): CodeIgniter\CodeIgniter->run()
CRITICAL - 2022-08-29 03:02:13 --> Invalid file: tambahanggota/create.php
in SYSTEMPATH\Exceptions\FrameworkException.php on line 33.
 1 SYSTEMPATH\View\View.php(201): CodeIgniter\Exceptions\FrameworkException::forInvalidFile('tambahanggota/create.php')
 2 SYSTEMPATH\Common.php(1135): CodeIgniter\View\View->render('tambahanggota/create', [], true)
 3 APPPATH\Controllers\Panggil.php(39): view('tambahanggota/create', [...])
 4 SYSTEMPATH\CodeIgniter.php(896): App\Controllers\Panggil->tambahanggota()
 5 SYSTEMPATH\CodeIgniter.php(466): CodeIgniter\CodeIgniter->runController(Object(App\Controllers\Panggil))
 6 SYSTEMPATH\CodeIgniter.php(349): CodeIgniter\CodeIgniter->handleRequest(null, Object(Config\Cache), false)
 7 FCPATH\index.php(55): CodeIgniter\CodeIgniter->run()
CRITICAL - 2022-08-29 03:02:21 --> Invalid file: tambahanggota/create.php
in SYSTEMPATH\Exceptions\FrameworkException.php on line 33.
 1 SYSTEMPATH\View\View.php(201): CodeIgniter\Exceptions\FrameworkException::forInvalidFile('tambahanggota/create.php')
 2 SYSTEMPATH\Common.php(1135): CodeIgniter\View\View->render('tambahanggota/create', [], true)
 3 APPPATH\Controllers\Panggil.php(39): view('tambahanggota/create', [...])
 4 SYSTEMPATH\CodeIgniter.php(896): App\Controllers\Panggil->tambahanggota()
 5 SYSTEMPATH\CodeIgniter.php(466): CodeIgniter\CodeIgniter->runController(Object(App\Controllers\Panggil))
 6 SYSTEMPATH\CodeIgniter.php(349): CodeIgniter\CodeIgniter->handleRequest(null, Object(Config\Cache), false)
 7 FCPATH\index.php(55): CodeIgniter\CodeIgniter->run()
CRITICAL - 2022-08-29 03:50:58 --> Call to a member function save() on null
in APPPATH\Controllers\Panggil.php on line 55.
 1 SYSTEMPATH\CodeIgniter.php(896): App\Controllers\Panggil->save()
 2 SYSTEMPATH\CodeIgniter.php(466): CodeIgniter\CodeIgniter->runController(Object(App\Controllers\Panggil))
 3 SYSTEMPATH\CodeIgniter.php(349): CodeIgniter\CodeIgniter->handleRequest(null, Object(Config\Cache), false)
 4 FCPATH\index.php(55): CodeIgniter\CodeIgniter->run()
CRITICAL - 2022-08-29 03:53:23 --> Call to a member function save() on null
in APPPATH\Controllers\Panggil.php on line 55.
 1 SYSTEMPATH\CodeIgniter.php(896): App\Controllers\Panggil->save()
 2 SYSTEMPATH\CodeIgniter.php(466): CodeIgniter\CodeIgniter->runController(Object(App\Controllers\Panggil))
 3 SYSTEMPATH\CodeIgniter.php(349): CodeIgniter\CodeIgniter->handleRequest(null, Object(Config\Cache), false)
 4 FCPATH\index.php(55): CodeIgniter\CodeIgniter->run()
CRITICAL - 2022-08-29 03:54:06 --> Call to a member function save() on null
in APPPATH\Controllers\Panggil.php on line 55.
 1 SYSTEMPATH\CodeIgniter.php(896): App\Controllers\Panggil->save()
 2 SYSTEMPATH\CodeIgniter.php(466): CodeIgniter\CodeIgniter->runController(Object(App\Controllers\Panggil))
 3 SYSTEMPATH\CodeIgniter.php(349): CodeIgniter\CodeIgniter->handleRequest(null, Object(Config\Cache), false)
 4 FCPATH\index.php(55): CodeIgniter\CodeIgniter->run()
CRITICAL - 2022-08-29 03:54:16 --> Call to a member function save() on null
in APPPATH\Controllers\Panggil.php on line 55.
 1 SYSTEMPATH\CodeIgniter.php(896): App\Controllers\Panggil->save()
 2 SYSTEMPATH\CodeIgniter.php(466): CodeIgniter\CodeIgniter->runController(Object(App\Controllers\Panggil))
 3 SYSTEMPATH\CodeIgniter.php(349): CodeIgniter\CodeIgniter->handleRequest(null, Object(Config\Cache), false)
 4 FCPATH\index.php(55): CodeIgniter\CodeIgniter->run()
CRITICAL - 2022-08-29 04:00:02 --> Call to a member function save() on null
in APPPATH\Controllers\Panggil.php on line 55.
 1 SYSTEMPATH\CodeIgniter.php(896): App\Controllers\Panggil->save()
 2 SYSTEMPATH\CodeIgniter.php(466): CodeIgniter\CodeIgniter->runController(Object(App\Controllers\Panggil))
 3 SYSTEMPATH\CodeIgniter.php(349): CodeIgniter\CodeIgniter->handleRequest(null, Object(Config\Cache), false)
 4 FCPATH\index.php(55): CodeIgniter\CodeIgniter->run()
CRITICAL - 2022-08-29 04:00:10 --> Call to a member function save() on null
in APPPATH\Controllers\Panggil.php on line 55.
 1 SYSTEMPATH\CodeIgniter.php(896): App\Controllers\Panggil->save()
 2 SYSTEMPATH\CodeIgniter.php(466): CodeIgniter\CodeIgniter->runController(Object(App\Controllers\Panggil))
 3 SYSTEMPATH\CodeIgniter.php(349): CodeIgniter\CodeIgniter->handleRequest(null, Object(Config\Cache), false)
 4 FCPATH\index.php(55): CodeIgniter\CodeIgniter->run()
CRITICAL - 2022-08-29 04:00:46 --> Call to a member function save() on null
in APPPATH\Controllers\Panggil.php on line 55.
 1 SYSTEMPATH\CodeIgniter.php(896): App\Controllers\Panggil->save()
 2 SYSTEMPATH\CodeIgniter.php(466): CodeIgniter\CodeIgniter->runController(Object(App\Controllers\Panggil))
 3 SYSTEMPATH\CodeIgniter.php(349): CodeIgniter\CodeIgniter->handleRequest(null, Object(Config\Cache), false)
 4 FCPATH\index.php(55): CodeIgniter\CodeIgniter->run()
CRITICAL - 2022-08-29 04:00:52 --> Call to a member function save() on null
in APPPATH\Controllers\Panggil.php on line 55.
 1 SYSTEMPATH\CodeIgniter.php(896): App\Controllers\Panggil->save()
 2 SYSTEMPATH\CodeIgniter.php(466): CodeIgniter\CodeIgniter->runController(Object(App\Controllers\Panggil))
 3 SYSTEMPATH\CodeIgniter.php(349): CodeIgniter\CodeIgniter->handleRequest(null, Object(Config\Cache), false)
 4 FCPATH\index.php(55): CodeIgniter\CodeIgniter->run()
CRITICAL - 2022-08-29 04:06:14 --> Call to a member function save() on null
in APPPATH\Controllers\Panggil.php on line 55.
 1 SYSTEMPATH\CodeIgniter.php(896): App\Controllers\Panggil->save()
 2 SYSTEMPATH\CodeIgniter.php(466): CodeIgniter\CodeIgniter->runController(Object(App\Controllers\Panggil))
 3 SYSTEMPATH\CodeIgniter.php(349): CodeIgniter\CodeIgniter->handleRequest(null, Object(Config\Cache), false)
 4 FCPATH\index.php(55): CodeIgniter\CodeIgniter->run()
CRITICAL - 2022-08-29 04:06:20 --> Call to a member function save() on null
in APPPATH\Controllers\Panggil.php on line 55.
 1 SYSTEMPATH\CodeIgniter.php(896): App\Controllers\Panggil->save()
 2 SYSTEMPATH\CodeIgniter.php(466): CodeIgniter\CodeIgniter->runController(Object(App\Controllers\Panggil))
 3 SYSTEMPATH\CodeIgniter.php(349): CodeIgniter\CodeIgniter->handleRequest(null, Object(Config\Cache), false)
 4 FCPATH\index.php(55): CodeIgniter\CodeIgniter->run()
CRITICAL - 2022-08-29 04:18:41 --> Call to a member function save() on null
in APPPATH\Controllers\Panggil.php on line 55.
 1 SYSTEMPATH\CodeIgniter.php(896): App\Controllers\Panggil->save()
 2 SYSTEMPATH\CodeIgniter.php(466): CodeIgniter\CodeIgniter->runController(Object(App\Controllers\Panggil))
 3 SYSTEMPATH\CodeIgniter.php(349): CodeIgniter\CodeIgniter->handleRequest(null, Object(Config\Cache), false)
 4 FCPATH\index.php(55): CodeIgniter\CodeIgniter->run()
CRITICAL - 2022-08-29 04:19:13 --> Call to a member function save() on null
in APPPATH\Controllers\Panggil.php on line 55.
 1 SYSTEMPATH\CodeIgniter.php(896): App\Controllers\Panggil->save()
 2 SYSTEMPATH\CodeIgniter.php(466): CodeIgniter\CodeIgniter->runController(Object(App\Controllers\Panggil))
 3 SYSTEMPATH\CodeIgniter.php(349): CodeIgniter\CodeIgniter->handleRequest(null, Object(Config\Cache), false)
 4 FCPATH\index.php(55): CodeIgniter\CodeIgniter->run()
CRITICAL - 2022-08-29 04:19:18 --> Call to a member function save() on null
in APPPATH\Controllers\Panggil.php on line 55.
 1 SYSTEMPATH\CodeIgniter.php(896): App\Controllers\Panggil->save()
 2 SYSTEMPATH\CodeIgniter.php(466): CodeIgniter\CodeIgniter->runController(Object(App\Controllers\Panggil))
 3 SYSTEMPATH\CodeIgniter.php(349): CodeIgniter\CodeIgniter->handleRequest(null, Object(Config\Cache), false)
 4 FCPATH\index.php(55): CodeIgniter\CodeIgniter->run()
CRITICAL - 2022-08-29 04:43:43 --> Call to a member function save() on null
in APPPATH\Controllers\Panggil.php on line 55.
 1 SYSTEMPATH\CodeIgniter.php(896): App\Controllers\Panggil->save()
 2 SYSTEMPATH\CodeIgniter.php(466): CodeIgniter\CodeIgniter->runController(Object(App\Controllers\Panggil))
 3 SYSTEMPATH\CodeIgniter.php(349): CodeIgniter\CodeIgniter->handleRequest(null, Object(Config\Cache), false)
 4 FCPATH\index.php(55): CodeIgniter\CodeIgniter->run()
