CRITICAL - 2022-09-07 22:35:19 --> Call to a member function save() on null
in APPPATH\Controllers\Panggil.php on line 55.
 1 SYSTEMPATH\CodeIgniter.php(896): App\Controllers\Panggil->save()
 2 SYSTEMPATH\CodeIgniter.php(466): CodeIgniter\CodeIgniter->runController(Object(App\Controllers\Panggil))
 3 SYSTEMPATH\CodeIgniter.php(349): CodeIgniter\CodeIgniter->handleRequest(null, Object(Config\Cache), false)
 4 FCPATH\index.php(55): CodeIgniter\CodeIgniter->run()
CRITICAL - 2022-09-07 22:43:26 --> Call to a member function save() on null
in APPPATH\Controllers\Panggil.php on line 55.
 1 SYSTEMPATH\CodeIgniter.php(896): App\Controllers\Panggil->save()
 2 SYSTEMPATH\CodeIgniter.php(466): CodeIgniter\CodeIgniter->runController(Object(App\Controllers\Panggil))
 3 SYSTEMPATH\CodeIgniter.php(349): CodeIgniter\CodeIgniter->handleRequest(null, Object(Config\Cache), false)
 4 FCPATH\index.php(55): CodeIgniter\CodeIgniter->run()
CRITICAL - 2022-09-07 22:44:27 --> Call to a member function save() on null
in APPPATH\Controllers\Panggil.php on line 55.
 1 SYSTEMPATH\CodeIgniter.php(896): App\Controllers\Panggil->save()
 2 SYSTEMPATH\CodeIgniter.php(466): CodeIgniter\CodeIgniter->runController(Object(App\Controllers\Panggil))
 3 SYSTEMPATH\CodeIgniter.php(349): CodeIgniter\CodeIgniter->handleRequest(null, Object(Config\Cache), false)
 4 FCPATH\index.php(55): CodeIgniter\CodeIgniter->run()
CRITICAL - 2022-09-07 22:44:30 --> Call to a member function save() on null
in APPPATH\Controllers\Panggil.php on line 55.
 1 SYSTEMPATH\CodeIgniter.php(896): App\Controllers\Panggil->save()
 2 SYSTEMPATH\CodeIgniter.php(466): CodeIgniter\CodeIgniter->runController(Object(App\Controllers\Panggil))
 3 SYSTEMPATH\CodeIgniter.php(349): CodeIgniter\CodeIgniter->handleRequest(null, Object(Config\Cache), false)
 4 FCPATH\index.php(55): CodeIgniter\CodeIgniter->run()
CRITICAL - 2022-09-07 22:44:41 --> Call to a member function save() on null
in APPPATH\Controllers\Panggil.php on line 55.
 1 SYSTEMPATH\CodeIgniter.php(896): App\Controllers\Panggil->save()
 2 SYSTEMPATH\CodeIgniter.php(466): CodeIgniter\CodeIgniter->runController(Object(App\Controllers\Panggil))
 3 SYSTEMPATH\CodeIgniter.php(349): CodeIgniter\CodeIgniter->handleRequest(null, Object(Config\Cache), false)
 4 FCPATH\index.php(55): CodeIgniter\CodeIgniter->run()
CRITICAL - 2022-09-07 22:46:03 --> Call to a member function save() on null
in APPPATH\Controllers\Panggil.php on line 57.
 1 SYSTEMPATH\CodeIgniter.php(896): App\Controllers\Panggil->save()
 2 SYSTEMPATH\CodeIgniter.php(466): CodeIgniter\CodeIgniter->runController(Object(App\Controllers\Panggil))
 3 SYSTEMPATH\CodeIgniter.php(349): CodeIgniter\CodeIgniter->handleRequest(null, Object(Config\Cache), false)
 4 FCPATH\index.php(55): CodeIgniter\CodeIgniter->run()
CRITICAL - 2022-09-07 23:57:52 --> Call to a member function save() on null
in APPPATH\Controllers\Panggil.php on line 57.
 1 SYSTEMPATH\CodeIgniter.php(896): App\Controllers\Panggil->save()
 2 SYSTEMPATH\CodeIgniter.php(466): CodeIgniter\CodeIgniter->runController(Object(App\Controllers\Panggil))
 3 SYSTEMPATH\CodeIgniter.php(349): CodeIgniter\CodeIgniter->handleRequest(null, Object(Config\Cache), false)
 4 FCPATH\index.php(55): CodeIgniter\CodeIgniter->run()
