CRITICAL - 2022-08-11 00:33:14 --> syntax error, unexpected ')', expecting '['
in APPPATH\Views\Home.php on line 38.
 1 SYSTEMPATH\View\View.php(216): CodeIgniter\View\View->CodeIgniter\View\{closure}()
 2 SYSTEMPATH\Common.php(1135): CodeIgniter\View\View->render('Home', [], true)
 3 APPPATH\Controllers\Panggil.php(16): view('Home', [...])
 4 SYSTEMPATH\CodeIgniter.php(896): App\Controllers\Panggil->index()
 5 SYSTEMPATH\CodeIgniter.php(466): CodeIgniter\CodeIgniter->runController(Object(App\Controllers\Panggil))
 6 SYSTEMPATH\CodeIgniter.php(349): CodeIgniter\CodeIgniter->handleRequest(null, Object(Config\Cache), false)
 7 FCPATH\index.php(55): CodeIgniter\CodeIgniter->run()
CRITICAL - 2022-08-11 00:33:21 --> syntax error, unexpected ')', expecting '['
in APPPATH\Views\Home.php on line 38.
 1 SYSTEMPATH\View\View.php(216): CodeIgniter\View\View->CodeIgniter\View\{closure}()
 2 SYSTEMPATH\Common.php(1135): CodeIgniter\View\View->render('Home', [], true)
 3 APPPATH\Controllers\Panggil.php(16): view('Home', [...])
 4 SYSTEMPATH\CodeIgniter.php(896): App\Controllers\Panggil->index()
 5 SYSTEMPATH\CodeIgniter.php(466): CodeIgniter\CodeIgniter->runController(Object(App\Controllers\Panggil))
 6 SYSTEMPATH\CodeIgniter.php(349): CodeIgniter\CodeIgniter->handleRequest(null, Object(Config\Cache), false)
 7 FCPATH\index.php(55): CodeIgniter\CodeIgniter->run()
CRITICAL - 2022-08-11 00:33:46 --> syntax error, unexpected 'endforeach' (T_ENDFOREACH), expecting end of file
in APPPATH\Views\Home.php on line 49.
 1 SYSTEMPATH\View\View.php(216): CodeIgniter\View\View->CodeIgniter\View\{closure}()
 2 SYSTEMPATH\Common.php(1135): CodeIgniter\View\View->render('Home', [], true)
 3 APPPATH\Controllers\Panggil.php(16): view('Home', [...])
 4 SYSTEMPATH\CodeIgniter.php(896): App\Controllers\Panggil->index()
 5 SYSTEMPATH\CodeIgniter.php(466): CodeIgniter\CodeIgniter->runController(Object(App\Controllers\Panggil))
 6 SYSTEMPATH\CodeIgniter.php(349): CodeIgniter\CodeIgniter->handleRequest(null, Object(Config\Cache), false)
 7 FCPATH\index.php(55): CodeIgniter\CodeIgniter->run()
CRITICAL - 2022-08-11 00:33:53 --> Undefined variable: data_anggota
in APPPATH\Views\Home.php on line 38.
 1 APPPATH\Views\Home.php(38): CodeIgniter\Debug\Exceptions->errorHandler(8, 'Undefined variable: data_anggota', 'APPPATH\\Views\\Home.php', 38, [])
 2 SYSTEMPATH\View\View.php(213): include('APPPATH\\Views\\Home.php')
 3 SYSTEMPATH\View\View.php(216): CodeIgniter\View\View->CodeIgniter\View\{closure}()
 4 SYSTEMPATH\Common.php(1135): CodeIgniter\View\View->render('Home', [], true)
 5 APPPATH\Controllers\Panggil.php(16): view('Home', [...])
 6 SYSTEMPATH\CodeIgniter.php(896): App\Controllers\Panggil->index()
 7 SYSTEMPATH\CodeIgniter.php(466): CodeIgniter\CodeIgniter->runController(Object(App\Controllers\Panggil))
 8 SYSTEMPATH\CodeIgniter.php(349): CodeIgniter\CodeIgniter->handleRequest(null, Object(Config\Cache), false)
 9 FCPATH\index.php(55): CodeIgniter\CodeIgniter->run()
CRITICAL - 2022-08-11 00:34:56 --> Undefined variable: data_anggota
in APPPATH\Views\Home.php on line 38.
 1 APPPATH\Views\Home.php(38): CodeIgniter\Debug\Exceptions->errorHandler(8, 'Undefined variable: data_anggota', 'APPPATH\\Views\\Home.php', 38, [])
 2 SYSTEMPATH\View\View.php(213): include('APPPATH\\Views\\Home.php')
 3 SYSTEMPATH\View\View.php(216): CodeIgniter\View\View->CodeIgniter\View\{closure}()
 4 SYSTEMPATH\Common.php(1135): CodeIgniter\View\View->render('Home', [], true)
 5 APPPATH\Controllers\Panggil.php(16): view('Home', [...])
 6 SYSTEMPATH\CodeIgniter.php(896): App\Controllers\Panggil->index()
 7 SYSTEMPATH\CodeIgniter.php(466): CodeIgniter\CodeIgniter->runController(Object(App\Controllers\Panggil))
 8 SYSTEMPATH\CodeIgniter.php(349): CodeIgniter\CodeIgniter->handleRequest(null, Object(Config\Cache), false)
 9 FCPATH\index.php(55): CodeIgniter\CodeIgniter->run()
CRITICAL - 2022-08-11 00:36:54 --> Undefined variable: data_anggota
in APPPATH\Views\Home.php on line 38.
 1 APPPATH\Views\Home.php(38): CodeIgniter\Debug\Exceptions->errorHandler(8, 'Undefined variable: data_anggota', 'APPPATH\\Views\\Home.php', 38, [])
 2 SYSTEMPATH\View\View.php(213): include('APPPATH\\Views\\Home.php')
 3 SYSTEMPATH\View\View.php(216): CodeIgniter\View\View->CodeIgniter\View\{closure}()
 4 SYSTEMPATH\Common.php(1135): CodeIgniter\View\View->render('Home', [], true)
 5 APPPATH\Controllers\Panggil.php(16): view('Home', [...])
 6 SYSTEMPATH\CodeIgniter.php(896): App\Controllers\Panggil->index()
 7 SYSTEMPATH\CodeIgniter.php(466): CodeIgniter\CodeIgniter->runController(Object(App\Controllers\Panggil))
 8 SYSTEMPATH\CodeIgniter.php(349): CodeIgniter\CodeIgniter->handleRequest(null, Object(Config\Cache), false)
 9 FCPATH\index.php(55): CodeIgniter\CodeIgniter->run()
CRITICAL - 2022-08-11 02:57:29 --> Cannot redeclare App\Controllers\Panggil::index()
in APPPATH\Controllers\Panggil.php on line 20.
 1 [internal function]: CodeIgniter\Debug\Exceptions->shutdownHandler()
CRITICAL - 2022-08-11 03:39:57 --> Cannot redeclare App\Controllers\Panggil::index()
in APPPATH\Controllers\Panggil.php on line 20.
 1 [internal function]: CodeIgniter\Debug\Exceptions->shutdownHandler()
CRITICAL - 2022-08-11 22:39:36 --> Undefined variable: data_anggota
in APPPATH\Views\listanggota.php on line 26.
 1 APPPATH\Views\listanggota.php(26): CodeIgniter\Debug\Exceptions->errorHandler(8, 'Undefined variable: data_anggota', 'APPPATH\\Views\\listanggota.php', 26, [])
 2 SYSTEMPATH\View\View.php(213): include('APPPATH\\Views\\listanggota.php')
 3 SYSTEMPATH\View\View.php(216): CodeIgniter\View\View->CodeIgniter\View\{closure}()
 4 SYSTEMPATH\Common.php(1135): CodeIgniter\View\View->render('listanggota', [], true)
 5 APPPATH\Controllers\Panggil.php(28): view('listanggota')
 6 SYSTEMPATH\CodeIgniter.php(896): App\Controllers\Panggil->listanggota()
 7 SYSTEMPATH\CodeIgniter.php(466): CodeIgniter\CodeIgniter->runController(Object(App\Controllers\Panggil))
 8 SYSTEMPATH\CodeIgniter.php(349): CodeIgniter\CodeIgniter->handleRequest(null, Object(Config\Cache), false)
 9 FCPATH\index.php(55): CodeIgniter\CodeIgniter->run()
